Analysis & Synthesis report for Processador
Thu Jul 19 19:09:17 2018
Quartus Prime Version 17.1.0 Build 590 10/25/2017 SJ Lite Edition


---------------------
; Table of Contents ;
---------------------
  1. Legal Notice
  2. Analysis & Synthesis Summary
  3. Analysis & Synthesis Settings
  4. Parallel Compilation
  5. Analysis & Synthesis Source Files Read
  6. Analysis & Synthesis Resource Usage Summary
  7. Analysis & Synthesis Resource Utilization by Entity
  8. State Machine - |proc|Tstep_Q
  9. Registers Removed During Synthesis
 10. Removed Registers Triggering Further Register Optimizations
 11. General Register Statistics
 12. Inverted Register Statistics
 13. Parameter Settings for User Entity Instance: Top-level Entity: |proc
 14. Parameter Settings for User Entity Instance: regn:reg_0
 15. Parameter Settings for User Entity Instance: regn:reg_1
 16. Parameter Settings for User Entity Instance: regn:reg_2
 17. Parameter Settings for User Entity Instance: regn:reg_3
 18. Parameter Settings for User Entity Instance: regn:reg_4
 19. Parameter Settings for User Entity Instance: regn:reg_5
 20. Parameter Settings for User Entity Instance: regn:reg_6
 21. Parameter Settings for User Entity Instance: regn:reg_7
 22. Parameter Settings for User Entity Instance: regn:reg_A
 23. Parameter Settings for User Entity Instance: regn:reg_G
 24. Parameter Settings for User Entity Instance: regn:reg_IR
 25. Parameter Settings for User Entity Instance: ula:addSub
 26. Parameter Settings for User Entity Instance: multiplexador:multiplex
 27. Port Connectivity Checks: "multiplexador:multiplex"
 28. Port Connectivity Checks: "ula:addSub"
 29. Port Connectivity Checks: "regn:reg_IR"
 30. Port Connectivity Checks: "regn:reg_G"
 31. Port Connectivity Checks: "regn:reg_A"
 32. Port Connectivity Checks: "regn:reg_7"
 33. Port Connectivity Checks: "regn:reg_6"
 34. Port Connectivity Checks: "regn:reg_5"
 35. Port Connectivity Checks: "regn:reg_4"
 36. Port Connectivity Checks: "regn:reg_3"
 37. Port Connectivity Checks: "regn:reg_2"
 38. Port Connectivity Checks: "regn:reg_1"
 39. Port Connectivity Checks: "regn:reg_0"
 40. Port Connectivity Checks: "dec3to8:decY"
 41. Port Connectivity Checks: "dec3to8:decX"
 42. Post-Synthesis Netlist Statistics for Top Partition
 43. Elapsed Time Per Partition
 44. Analysis & Synthesis Messages



----------------
; Legal Notice ;
----------------
Copyright (C) 2017  Intel Corporation. All rights reserved.
Your use of Intel Corporation's design tools, logic functions 
and other software and tools, and its AMPP partner logic 
functions, and any output files from any of the foregoing 
(including device programming or simulation files), and any 
associated documentation or information are expressly subject 
to the terms and conditions of the Intel Program License 
Subscription Agreement, the Intel Quartus Prime License Agreement,
the Intel FPGA IP License Agreement, or other applicable license
agreement, including, without limitation, that your use is for
the sole purpose of programming logic devices manufactured by
Intel and sold by Intel or its authorized distributors.  Please
refer to the applicable agreement for further details.



+-------------------------------------------------------------------------------+
; Analysis & Synthesis Summary                                                  ;
+---------------------------------+---------------------------------------------+
; Analysis & Synthesis Status     ; Successful - Thu Jul 19 19:09:17 2018       ;
; Quartus Prime Version           ; 17.1.0 Build 590 10/25/2017 SJ Lite Edition ;
; Revision Name                   ; Processador                                 ;
; Top-level Entity Name           ; proc                                        ;
; Family                          ; Cyclone V                                   ;
; Logic utilization (in ALMs)     ; N/A                                         ;
; Total registers                 ; 3                                           ;
; Total pins                      ; 22                                          ;
; Total virtual pins              ; 0                                           ;
; Total block memory bits         ; 0                                           ;
; Total DSP Blocks                ; 0                                           ;
; Total HSSI RX PCSs              ; 0                                           ;
; Total HSSI PMA RX Deserializers ; 0                                           ;
; Total HSSI TX PCSs              ; 0                                           ;
; Total HSSI PMA TX Serializers   ; 0                                           ;
; Total PLLs                      ; 0                                           ;
; Total DLLs                      ; 0                                           ;
+---------------------------------+---------------------------------------------+


+---------------------------------------------------------------------------------------------------------------------------+
; Analysis & Synthesis Settings                                                                                             ;
+---------------------------------------------------------------------------------+--------------------+--------------------+
; Option                                                                          ; Setting            ; Default Value      ;
+---------------------------------------------------------------------------------+--------------------+--------------------+
; Device                                                                          ; 5CSEMA5F31C6       ;                    ;
; Top-level entity name                                                           ; proc               ; Processador        ;
; Family name                                                                     ; Cyclone V          ; Cyclone V          ;
; Use smart compilation                                                           ; Off                ; Off                ;
; Enable parallel Assembler and TimeQuest Timing Analyzer during compilation      ; On                 ; On                 ;
; Enable compact report table                                                     ; Off                ; Off                ;
; Restructure Multiplexers                                                        ; Auto               ; Auto               ;
; MLAB Add Timing Constraints For Mixed-Port Feed-Through Mode Setting Don't Care ; Off                ; Off                ;
; Create Debugging Nodes for IP Cores                                             ; Off                ; Off                ;
; Preserve fewer node names                                                       ; On                 ; On                 ;
; Intel FPGA IP Evaluation Mode                                                   ; Enable             ; Enable             ;
; Verilog Version                                                                 ; Verilog_2001       ; Verilog_2001       ;
; VHDL Version                                                                    ; VHDL_1993          ; VHDL_1993          ;
; State Machine Processing                                                        ; Auto               ; Auto               ;
; Safe State Machine                                                              ; Off                ; Off                ;
; Extract Verilog State Machines                                                  ; On                 ; On                 ;
; Extract VHDL State Machines                                                     ; On                 ; On                 ;
; Ignore Verilog initial constructs                                               ; Off                ; Off                ;
; Iteration limit for constant Verilog loops                                      ; 5000               ; 5000               ;
; Iteration limit for non-constant Verilog loops                                  ; 250                ; 250                ;
; Add Pass-Through Logic to Inferred RAMs                                         ; On                 ; On                 ;
; Infer RAMs from Raw Logic                                                       ; On                 ; On                 ;
; Parallel Synthesis                                                              ; On                 ; On                 ;
; DSP Block Balancing                                                             ; Auto               ; Auto               ;
; NOT Gate Push-Back                                                              ; On                 ; On                 ;
; Power-Up Don't Care                                                             ; On                 ; On                 ;
; Remove Redundant Logic Cells                                                    ; Off                ; Off                ;
; Remove Duplicate Registers                                                      ; On                 ; On                 ;
; Ignore CARRY Buffers                                                            ; Off                ; Off                ;
; Ignore CASCADE Buffers                                                          ; Off                ; Off                ;
; Ignore GLOBAL Buffers                                                           ; Off                ; Off                ;
; Ignore ROW GLOBAL Buffers                                                       ; Off                ; Off                ;
; Ignore LCELL Buffers                                                            ; Off                ; Off                ;
; Ignore SOFT Buffers                                                             ; On                 ; On                 ;
; Limit AHDL Integers to 32 Bits                                                  ; Off                ; Off                ;
; Optimization Technique                                                          ; Balanced           ; Balanced           ;
; Carry Chain Length                                                              ; 70                 ; 70                 ;
; Auto Carry Chains                                                               ; On                 ; On                 ;
; Auto Open-Drain Pins                                                            ; On                 ; On                 ;
; Perform WYSIWYG Primitive Resynthesis                                           ; Off                ; Off                ;
; Auto ROM Replacement                                                            ; On                 ; On                 ;
; Auto RAM Replacement                                                            ; On                 ; On                 ;
; Auto DSP Block Replacement                                                      ; On                 ; On                 ;
; Auto Shift Register Replacement                                                 ; Auto               ; Auto               ;
; Allow Shift Register Merging across Hierarchies                                 ; Auto               ; Auto               ;
; Auto Clock Enable Replacement                                                   ; On                 ; On                 ;
; Strict RAM Replacement                                                          ; Off                ; Off                ;
; Allow Synchronous Control Signals                                               ; On                 ; On                 ;
; Force Use of Synchronous Clear Signals                                          ; Off                ; Off                ;
; Auto Resource Sharing                                                           ; Off                ; Off                ;
; Allow Any RAM Size For Recognition                                              ; Off                ; Off                ;
; Allow Any ROM Size For Recognition                                              ; Off                ; Off                ;
; Allow Any Shift Register Size For Recognition                                   ; Off                ; Off                ;
; Use LogicLock Constraints during Resource Balancing                             ; On                 ; On                 ;
; Ignore translate_off and synthesis_off directives                               ; Off                ; Off                ;
; Timing-Driven Synthesis                                                         ; On                 ; On                 ;
; Report Parameter Settings                                                       ; On                 ; On                 ;
; Report Source Assignments                                                       ; On                 ; On                 ;
; Report Connectivity Checks                                                      ; On                 ; On                 ;
; Ignore Maximum Fan-Out Assignments                                              ; Off                ; Off                ;
; Synchronization Register Chain Length                                           ; 3                  ; 3                  ;
; Power Optimization During Synthesis                                             ; Normal compilation ; Normal compilation ;
; HDL message level                                                               ; Level2             ; Level2             ;
; Suppress Register Optimization Related Messages                                 ; Off                ; Off                ;
; Number of Removed Registers Reported in Synthesis Report                        ; 5000               ; 5000               ;
; Number of Swept Nodes Reported in Synthesis Report                              ; 5000               ; 5000               ;
; Number of Inverted Registers Reported in Synthesis Report                       ; 100                ; 100                ;
; Clock MUX Protection                                                            ; On                 ; On                 ;
; Auto Gated Clock Conversion                                                     ; Off                ; Off                ;
; Block Design Naming                                                             ; Auto               ; Auto               ;
; SDC constraint protection                                                       ; Off                ; Off                ;
; Synthesis Effort                                                                ; Auto               ; Auto               ;
; Shift Register Replacement - Allow Asynchronous Clear Signal                    ; On                 ; On                 ;
; Pre-Mapping Resynthesis Optimization                                            ; Off                ; Off                ;
; Analysis & Synthesis Message Level                                              ; Medium             ; Medium             ;
; Disable Register Merging Across Hierarchies                                     ; Auto               ; Auto               ;
; Resource Aware Inference For Block RAM                                          ; On                 ; On                 ;
; Automatic Parallel Synthesis                                                    ; On                 ; On                 ;
; Partial Reconfiguration Bitstream ID                                            ; Off                ; Off                ;
+---------------------------------------------------------------------------------+--------------------+--------------------+


+------------------------------------------+
; Parallel Compilation                     ;
+----------------------------+-------------+
; Processors                 ; Number      ;
+----------------------------+-------------+
; Number detected on machine ; 4           ;
; Maximum allowed            ; 2           ;
;                            ;             ;
; Average used               ; 1.00        ;
; Maximum used               ; 2           ;
;                            ;             ;
; Usage by Processor         ; % Time Used ;
;     Processor 1            ; 100.0%      ;
;     Processor 2            ;   0.0%      ;
+----------------------------+-------------+


+--------------------------------------------------------------------------------------------------------------------------------------+
; Analysis & Synthesis Source Files Read                                                                                               ;
+----------------------------------+-----------------+------------------------+----------------------------------------------+---------+
; File Name with User-Entered Path ; Used in Netlist ; File Type              ; File Name with Absolute Path                 ; Library ;
+----------------------------------+-----------------+------------------------+----------------------------------------------+---------+
; proc.v                           ; yes             ; User Verilog HDL File  ; /home/alfredo/Desktop/PSD-Processador/proc.v ;         ;
+----------------------------------+-----------------+------------------------+----------------------------------------------+---------+


+-----------------------------------------------------------+
; Analysis & Synthesis Resource Usage Summary               ;
+---------------------------------------------+-------------+
; Resource                                    ; Usage       ;
+---------------------------------------------+-------------+
; Estimate of Logic utilization (ALMs needed) ; 2           ;
;                                             ;             ;
; Combinational ALUT usage for logic          ; 2           ;
;     -- 7 input functions                    ; 0           ;
;     -- 6 input functions                    ; 0           ;
;     -- 5 input functions                    ; 0           ;
;     -- 4 input functions                    ; 0           ;
;     -- <=3 input functions                  ; 2           ;
;                                             ;             ;
; Dedicated logic registers                   ; 3           ;
;                                             ;             ;
; I/O pins                                    ; 22          ;
;                                             ;             ;
; Total DSP Blocks                            ; 0           ;
;                                             ;             ;
; Maximum fan-out node                        ; Clock~input ;
; Maximum fan-out                             ; 3           ;
; Total fan-out                               ; 37          ;
; Average fan-out                             ; 0.76        ;
+---------------------------------------------+-------------+


+----------------------------------------------------------------------------------------------------------------------------------------------------------------------------------------+
; Analysis & Synthesis Resource Utilization by Entity                                                                                                                                    ;
+----------------------------+---------------------+---------------------------+-------------------+------------+------+--------------+---------------------+-------------+--------------+
; Compilation Hierarchy Node ; Combinational ALUTs ; Dedicated Logic Registers ; Block Memory Bits ; DSP Blocks ; Pins ; Virtual Pins ; Full Hierarchy Name ; Entity Name ; Library Name ;
+----------------------------+---------------------+---------------------------+-------------------+------------+------+--------------+---------------------+-------------+--------------+
; |proc                      ; 2 (2)               ; 3 (3)                     ; 0                 ; 0          ; 22   ; 0            ; |proc               ; proc        ; work         ;
+----------------------------+---------------------+---------------------------+-------------------+------------+------+--------------+---------------------+-------------+--------------+
Note: For table entries with two numbers listed, the numbers in parentheses indicate the number of resources of the given type used by the specific entity alone. The numbers listed outside of parentheses indicate the total resources of the given type used by the specific entity and all of its sub-entities in the hierarchy.


Encoding Type:  One-Hot
+----------------------------------------------------------------+
; State Machine - |proc|Tstep_Q                                  ;
+------------+------------+------------+------------+------------+
; Name       ; Tstep_Q.T3 ; Tstep_Q.T2 ; Tstep_Q.T1 ; Tstep_Q.T0 ;
+------------+------------+------------+------------+------------+
; Tstep_Q.T0 ; 0          ; 0          ; 0          ; 0          ;
; Tstep_Q.T1 ; 0          ; 0          ; 1          ; 1          ;
; Tstep_Q.T2 ; 0          ; 1          ; 0          ; 1          ;
; Tstep_Q.T3 ; 1          ; 0          ; 0          ; 1          ;
+------------+------------+------------+------------+------------+


+--------------------------------------------------------------------------------------+
; Registers Removed During Synthesis                                                   ;
+----------------------------------------+---------------------------------------------+
; Register name                          ; Reason for Removal                          ;
+----------------------------------------+---------------------------------------------+
; regn:reg_2|Q[0]                        ; Merged with regn:reg_1|Q[0]                 ;
; regn:reg_3|Q[0]                        ; Merged with regn:reg_1|Q[0]                 ;
; regn:reg_4|Q[0]                        ; Merged with regn:reg_1|Q[0]                 ;
; regn:reg_5|Q[0]                        ; Merged with regn:reg_1|Q[0]                 ;
; regn:reg_6|Q[0]                        ; Merged with regn:reg_1|Q[0]                 ;
; regn:reg_7|Q[0]                        ; Merged with regn:reg_1|Q[0]                 ;
; BusFSMMulti[2,3]                       ; Merged with BusFSMMulti[1]                  ;
; BusFSMReg[2..7]                        ; Merged with BusFSMReg[1]                    ;
; regn:reg_G|Q[0]                        ; Lost fanout                                 ;
; regn:reg_IR|Q[0]                       ; Stuck at GND due to stuck port data_in      ;
; IRin                                   ; Lost fanout                                 ;
; Gin                                    ; Lost fanout                                 ;
; BusFSMMulti[0]                         ; Merged with BusFSMMulti[1]                  ;
; BusFSMReg[1]                           ; Stuck at GND due to stuck port data_in      ;
; regn:reg_1|Q[0]                        ; Stuck at GND due to stuck port clock_enable ;
; regn:reg_0|Q[0]                        ; Stuck at GND due to stuck port data_in      ;
; BusFSMReg[0]                           ; Lost fanout                                 ;
; BusFSMMulti[1]                         ; Lost fanout                                 ;
; EnableDec                              ; Lost fanout                                 ;
; Tstep_Q~4                              ; Lost fanout                                 ;
; Tstep_Q~5                              ; Lost fanout                                 ;
; Tstep_Q~6                              ; Lost fanout                                 ;
; Tstep_Q.T2                             ; Stuck at GND due to stuck port data_in      ;
; Tstep_Q.T3                             ; Stuck at GND due to stuck port data_in      ;
; Total Number of Removed Registers = 30 ;                                             ;
+----------------------------------------+---------------------------------------------+


+---------------------------------------------------------------------------------------+
; Removed Registers Triggering Further Register Optimizations                           ;
+------------------+---------------------------+----------------------------------------+
; Register name    ; Reason for Removal        ; Registers Removed due to This Register ;
+------------------+---------------------------+----------------------------------------+
; regn:reg_G|Q[0]  ; Lost Fanouts              ; Gin, BusFSMMulti[1]                    ;
; regn:reg_0|Q[0]  ; Stuck at GND              ; BusFSMReg[0], EnableDec                ;
;                  ; due to stuck port data_in ;                                        ;
; regn:reg_IR|Q[0] ; Stuck at GND              ; IRin                                   ;
;                  ; due to stuck port data_in ;                                        ;
; BusFSMReg[1]     ; Stuck at GND              ; regn:reg_1|Q[0]                        ;
;                  ; due to stuck port data_in ;                                        ;
; Tstep_Q.T2       ; Stuck at GND              ; Tstep_Q.T3                             ;
;                  ; due to stuck port data_in ;                                        ;
+------------------+---------------------------+----------------------------------------+


+------------------------------------------------------+
; General Register Statistics                          ;
+----------------------------------------------+-------+
; Statistic                                    ; Value ;
+----------------------------------------------+-------+
; Total registers                              ; 3     ;
; Number of registers using Synchronous Clear  ; 0     ;
; Number of registers using Synchronous Load   ; 0     ;
; Number of registers using Asynchronous Clear ; 3     ;
; Number of registers using Asynchronous Load  ; 0     ;
; Number of registers using Clock Enable       ; 0     ;
; Number of registers using Preset             ; 0     ;
+----------------------------------------------+-------+


+--------------------------------------------------+
; Inverted Register Statistics                     ;
+----------------------------------------+---------+
; Inverted Register                      ; Fan out ;
+----------------------------------------+---------+
; Done~reg0                              ; 2       ;
; Total number of inverted registers = 1 ;         ;
+----------------------------------------+---------+


+----------------------------------------------------------------------+
; Parameter Settings for User Entity Instance: Top-level Entity: |proc ;
+----------------+-------+---------------------------------------------+
; Parameter Name ; Value ; Type                                        ;
+----------------+-------+---------------------------------------------+
; T0             ; 000   ; Unsigned Binary                             ;
; T1             ; 001   ; Unsigned Binary                             ;
; T2             ; 010   ; Unsigned Binary                             ;
; T3             ; 011   ; Unsigned Binary                             ;
; MV             ; 000   ; Unsigned Binary                             ;
; MVI            ; 001   ; Unsigned Binary                             ;
; ADD            ; 010   ; Unsigned Binary                             ;
; SUB            ; 011   ; Unsigned Binary                             ;
; DINout_Ctrl    ; 1000  ; Unsigned Binary                             ;
; Gout_Ctrl      ; 1001  ; Unsigned Binary                             ;
; DefaultMulti   ; 1111  ; Unsigned Binary                             ;
+----------------+-------+---------------------------------------------+
Note: In order to hide this table in the UI and the text report file, please set the "Show Parameter Settings in Synthesis Report" option in "Analysis and Synthesis Settings -> More Settings" to "Off".


+---------------------------------------------------------+
; Parameter Settings for User Entity Instance: regn:reg_0 ;
+----------------+-------+--------------------------------+
; Parameter Name ; Value ; Type                           ;
+----------------+-------+--------------------------------+
; n              ; 9     ; Signed Integer                 ;
+----------------+-------+--------------------------------+
Note: In order to hide this table in the UI and the text report file, please set the "Show Parameter Settings in Synthesis Report" option in "Analysis and Synthesis Settings -> More Settings" to "Off".


+---------------------------------------------------------+
; Parameter Settings for User Entity Instance: regn:reg_1 ;
+----------------+-------+--------------------------------+
; Parameter Name ; Value ; Type                           ;
+----------------+-------+--------------------------------+
; n              ; 9     ; Signed Integer                 ;
+----------------+-------+--------------------------------+
Note: In order to hide this table in the UI and the text report file, please set the "Show Parameter Settings in Synthesis Report" option in "Analysis and Synthesis Settings -> More Settings" to "Off".


+---------------------------------------------------------+
; Parameter Settings for User Entity Instance: regn:reg_2 ;
+----------------+-------+--------------------------------+
; Parameter Name ; Value ; Type                           ;
+----------------+-------+--------------------------------+
; n              ; 9     ; Signed Integer                 ;
+----------------+-------+--------------------------------+
Note: In order to hide this table in the UI and the text report file, please set the "Show Parameter Settings in Synthesis Report" option in "Analysis and Synthesis Settings -> More Settings" to "Off".


+---------------------------------------------------------+
; Parameter Settings for User Entity Instance: regn:reg_3 ;
+----------------+-------+--------------------------------+
; Parameter Name ; Value ; Type                           ;
+----------------+-------+--------------------------------+
; n              ; 9     ; Signed Integer                 ;
+----------------+-------+--------------------------------+
Note: In order to hide this table in the UI and the text report file, please set the "Show Parameter Settings in Synthesis Report" option in "Analysis and Synthesis Settings -> More Settings" to "Off".


+---------------------------------------------------------+
; Parameter Settings for User Entity Instance: regn:reg_4 ;
+----------------+-------+--------------------------------+
; Parameter Name ; Value ; Type                           ;
+----------------+-------+--------------------------------+
; n              ; 9     ; Signed Integer                 ;
+----------------+-------+--------------------------------+
Note: In order to hide this table in the UI and the text report file, please set the "Show Parameter Settings in Synthesis Report" option in "Analysis and Synthesis Settings -> More Settings" to "Off".


+---------------------------------------------------------+
; Parameter Settings for User Entity Instance: regn:reg_5 ;
+----------------+-------+--------------------------------+
; Parameter Name ; Value ; Type                           ;
+----------------+-------+--------------------------------+
; n              ; 9     ; Signed Integer                 ;
+----------------+-------+--------------------------------+
Note: In order to hide this table in the UI and the text report file, please set the "Show Parameter Settings in Synthesis Report" option in "Analysis and Synthesis Settings -> More Settings" to "Off".


+---------------------------------------------------------+
; Parameter Settings for User Entity Instance: regn:reg_6 ;
+----------------+-------+--------------------------------+
; Parameter Name ; Value ; Type                           ;
+----------------+-------+--------------------------------+
; n              ; 9     ; Signed Integer                 ;
+----------------+-------+--------------------------------+
Note: In order to hide this table in the UI and the text report file, please set the "Show Parameter Settings in Synthesis Report" option in "Analysis and Synthesis Settings -> More Settings" to "Off".


+---------------------------------------------------------+
; Parameter Settings for User Entity Instance: regn:reg_7 ;
+----------------+-------+--------------------------------+
; Parameter Name ; Value ; Type                           ;
+----------------+-------+--------------------------------+
; n              ; 9     ; Signed Integer                 ;
+----------------+-------+--------------------------------+
Note: In order to hide this table in the UI and the text report file, please set the "Show Parameter Settings in Synthesis Report" option in "Analysis and Synthesis Settings -> More Settings" to "Off".


+---------------------------------------------------------+
; Parameter Settings for User Entity Instance: regn:reg_A ;
+----------------+-------+--------------------------------+
; Parameter Name ; Value ; Type                           ;
+----------------+-------+--------------------------------+
; n              ; 9     ; Signed Integer                 ;
+----------------+-------+--------------------------------+
Note: In order to hide this table in the UI and the text report file, please set the "Show Parameter Settings in Synthesis Report" option in "Analysis and Synthesis Settings -> More Settings" to "Off".


+---------------------------------------------------------+
; Parameter Settings for User Entity Instance: regn:reg_G ;
+----------------+-------+--------------------------------+
; Parameter Name ; Value ; Type                           ;
+----------------+-------+--------------------------------+
; n              ; 9     ; Signed Integer                 ;
+----------------+-------+--------------------------------+
Note: In order to hide this table in the UI and the text report file, please set the "Show Parameter Settings in Synthesis Report" option in "Analysis and Synthesis Settings -> More Settings" to "Off".


+----------------------------------------------------------+
; Parameter Settings for User Entity Instance: regn:reg_IR ;
+----------------+-------+---------------------------------+
; Parameter Name ; Value ; Type                            ;
+----------------+-------+---------------------------------+
; n              ; 9     ; Signed Integer                  ;
+----------------+-------+---------------------------------+
Note: In order to hide this table in the UI and the text report file, please set the "Show Parameter Settings in Synthesis Report" option in "Analysis and Synthesis Settings -> More Settings" to "Off".


+---------------------------------------------------------+
; Parameter Settings for User Entity Instance: ula:addSub ;
+----------------+-------+--------------------------------+
; Parameter Name ; Value ; Type                           ;
+----------------+-------+--------------------------------+
; n              ; 9     ; Signed Integer                 ;
+----------------+-------+--------------------------------+
Note: In order to hide this table in the UI and the text report file, please set the "Show Parameter Settings in Synthesis Report" option in "Analysis and Synthesis Settings -> More Settings" to "Off".


+----------------------------------------------------------------------+
; Parameter Settings for User Entity Instance: multiplexador:multiplex ;
+----------------+-------+---------------------------------------------+
; Parameter Name ; Value ; Type                                        ;
+----------------+-------+---------------------------------------------+
; n              ; 9     ; Signed Integer                              ;
+----------------+-------+---------------------------------------------+
Note: In order to hide this table in the UI and the text report file, please set the "Show Parameter Settings in Synthesis Report" option in "Analysis and Synthesis Settings -> More Settings" to "Off".


+-----------------------------------------------------+
; Port Connectivity Checks: "multiplexador:multiplex" ;
+----------+-------+----------+-----------------------+
; Port     ; Type  ; Severity ; Details               ;
+----------+-------+----------+-----------------------+
; R0[8..1] ; Input ; Info     ; Stuck at GND          ;
; R1[8..1] ; Input ; Info     ; Stuck at GND          ;
; R2[8..1] ; Input ; Info     ; Stuck at GND          ;
; R3[8..1] ; Input ; Info     ; Stuck at GND          ;
; R4[8..1] ; Input ; Info     ; Stuck at GND          ;
; R5[8..1] ; Input ; Info     ; Stuck at GND          ;
; R6[8..1] ; Input ; Info     ; Stuck at GND          ;
; R7[8..1] ; Input ; Info     ; Stuck at GND          ;
; G[8..1]  ; Input ; Info     ; Stuck at GND          ;
+----------+-------+----------+-----------------------+


+----------------------------------------------------------------------------------------------------------------------------------------------------+
; Port Connectivity Checks: "ula:addSub"                                                                                                             ;
+---------+--------+----------+----------------------------------------------------------------------------------------------------------------------+
; Port    ; Type   ; Severity ; Details                                                                                                              ;
+---------+--------+----------+----------------------------------------------------------------------------------------------------------------------+
; a[8..1] ; Input  ; Info     ; Stuck at GND                                                                                                         ;
; sel     ; Input  ; Info     ; Stuck at GND                                                                                                         ;
; Q       ; Output ; Warning  ; Output or bidir port (9 bits) is wider than the port expression (1 bits) it drives; bit(s) "Q[8..1]" have no fanouts ;
; Q       ; Output ; Info     ; Connected to dangling logic. Logic that only feeds a dangling port will be removed.                                  ;
+---------+--------+----------+----------------------------------------------------------------------------------------------------------------------+


+----------------------------------------------------------------------------------------------------------------------------------------------------------------------+
; Port Connectivity Checks: "regn:reg_IR"                                                                                                                              ;
+------+--------+----------+-------------------------------------------------------------------------------------------------------------------------------------------+
; Port ; Type   ; Severity ; Details                                                                                                                                   ;
+------+--------+----------+-------------------------------------------------------------------------------------------------------------------------------------------+
; R    ; Input  ; Warning  ; Input port expression (3 bits) is smaller than the input port (9 bits) it drives.  Extra input bit(s) "R[8..3]" will be connected to GND. ;
; Q    ; Output ; Warning  ; Output or bidir port (9 bits) is wider than the port expression (1 bits) it drives; bit(s) "Q[8..1]" have no fanouts                      ;
+------+--------+----------+-------------------------------------------------------------------------------------------------------------------------------------------+


+-------------------------------------------------------------------------------------------------------------------------------------------------+
; Port Connectivity Checks: "regn:reg_G"                                                                                                          ;
+------+--------+----------+----------------------------------------------------------------------------------------------------------------------+
; Port ; Type   ; Severity ; Details                                                                                                              ;
+------+--------+----------+----------------------------------------------------------------------------------------------------------------------+
; Q    ; Output ; Warning  ; Output or bidir port (9 bits) is wider than the port expression (1 bits) it drives; bit(s) "Q[8..1]" have no fanouts ;
+------+--------+----------+----------------------------------------------------------------------------------------------------------------------+


+-------------------------------------------------------------------------------------------------------------------------------------------------+
; Port Connectivity Checks: "regn:reg_A"                                                                                                          ;
+------+--------+----------+----------------------------------------------------------------------------------------------------------------------+
; Port ; Type   ; Severity ; Details                                                                                                              ;
+------+--------+----------+----------------------------------------------------------------------------------------------------------------------+
; Q    ; Output ; Warning  ; Output or bidir port (9 bits) is wider than the port expression (1 bits) it drives; bit(s) "Q[8..1]" have no fanouts ;
+------+--------+----------+----------------------------------------------------------------------------------------------------------------------+


+-------------------------------------------------------------------------------------------------------------------------------------------------+
; Port Connectivity Checks: "regn:reg_7"                                                                                                          ;
+------+--------+----------+----------------------------------------------------------------------------------------------------------------------+
; Port ; Type   ; Severity ; Details                                                                                                              ;
+------+--------+----------+----------------------------------------------------------------------------------------------------------------------+
; Q    ; Output ; Warning  ; Output or bidir port (9 bits) is wider than the port expression (1 bits) it drives; bit(s) "Q[8..1]" have no fanouts ;
+------+--------+----------+----------------------------------------------------------------------------------------------------------------------+


+-------------------------------------------------------------------------------------------------------------------------------------------------+
; Port Connectivity Checks: "regn:reg_6"                                                                                                          ;
+------+--------+----------+----------------------------------------------------------------------------------------------------------------------+
; Port ; Type   ; Severity ; Details                                                                                                              ;
+------+--------+----------+----------------------------------------------------------------------------------------------------------------------+
; Q    ; Output ; Warning  ; Output or bidir port (9 bits) is wider than the port expression (1 bits) it drives; bit(s) "Q[8..1]" have no fanouts ;
+------+--------+----------+----------------------------------------------------------------------------------------------------------------------+


+-------------------------------------------------------------------------------------------------------------------------------------------------+
; Port Connectivity Checks: "regn:reg_5"                                                                                                          ;
+------+--------+----------+----------------------------------------------------------------------------------------------------------------------+
; Port ; Type   ; Severity ; Details                                                                                                              ;
+------+--------+----------+----------------------------------------------------------------------------------------------------------------------+
; Q    ; Output ; Warning  ; Output or bidir port (9 bits) is wider than the port expression (1 bits) it drives; bit(s) "Q[8..1]" have no fanouts ;
+------+--------+----------+----------------------------------------------------------------------------------------------------------------------+


+-------------------------------------------------------------------------------------------------------------------------------------------------+
; Port Connectivity Checks: "regn:reg_4"                                                                                                          ;
+------+--------+----------+----------------------------------------------------------------------------------------------------------------------+
; Port ; Type   ; Severity ; Details                                                                                                              ;
+------+--------+----------+----------------------------------------------------------------------------------------------------------------------+
; Q    ; Output ; Warning  ; Output or bidir port (9 bits) is wider than the port expression (1 bits) it drives; bit(s) "Q[8..1]" have no fanouts ;
+------+--------+----------+----------------------------------------------------------------------------------------------------------------------+


+-------------------------------------------------------------------------------------------------------------------------------------------------+
; Port Connectivity Checks: "regn:reg_3"                                                                                                          ;
+------+--------+----------+----------------------------------------------------------------------------------------------------------------------+
; Port ; Type   ; Severity ; Details                                                                                                              ;
+------+--------+----------+----------------------------------------------------------------------------------------------------------------------+
; Q    ; Output ; Warning  ; Output or bidir port (9 bits) is wider than the port expression (1 bits) it drives; bit(s) "Q[8..1]" have no fanouts ;
+------+--------+----------+----------------------------------------------------------------------------------------------------------------------+


+-------------------------------------------------------------------------------------------------------------------------------------------------+
; Port Connectivity Checks: "regn:reg_2"                                                                                                          ;
+------+--------+----------+----------------------------------------------------------------------------------------------------------------------+
; Port ; Type   ; Severity ; Details                                                                                                              ;
+------+--------+----------+----------------------------------------------------------------------------------------------------------------------+
; Q    ; Output ; Warning  ; Output or bidir port (9 bits) is wider than the port expression (1 bits) it drives; bit(s) "Q[8..1]" have no fanouts ;
+------+--------+----------+----------------------------------------------------------------------------------------------------------------------+


+-------------------------------------------------------------------------------------------------------------------------------------------------+
; Port Connectivity Checks: "regn:reg_1"                                                                                                          ;
+------+--------+----------+----------------------------------------------------------------------------------------------------------------------+
; Port ; Type   ; Severity ; Details                                                                                                              ;
+------+--------+----------+----------------------------------------------------------------------------------------------------------------------+
; Q    ; Output ; Warning  ; Output or bidir port (9 bits) is wider than the port expression (1 bits) it drives; bit(s) "Q[8..1]" have no fanouts ;
+------+--------+----------+----------------------------------------------------------------------------------------------------------------------+


+-------------------------------------------------------------------------------------------------------------------------------------------------+
; Port Connectivity Checks: "regn:reg_0"                                                                                                          ;
+------+--------+----------+----------------------------------------------------------------------------------------------------------------------+
; Port ; Type   ; Severity ; Details                                                                                                              ;
+------+--------+----------+----------------------------------------------------------------------------------------------------------------------+
; Q    ; Output ; Warning  ; Output or bidir port (9 bits) is wider than the port expression (1 bits) it drives; bit(s) "Q[8..1]" have no fanouts ;
+------+--------+----------+----------------------------------------------------------------------------------------------------------------------+


+-----------------------------------------------------------------------------------------------------------------------------------------------------+
; Port Connectivity Checks: "dec3to8:decY"                                                                                                            ;
+----------+--------+----------+----------------------------------------------------------------------------------------------------------------------+
; Port     ; Type   ; Severity ; Details                                                                                                              ;
+----------+--------+----------+----------------------------------------------------------------------------------------------------------------------+
; In[2..1] ; Input  ; Info     ; Stuck at GND                                                                                                         ;
; Q        ; Output ; Warning  ; Output or bidir port (8 bits) is wider than the port expression (1 bits) it drives; bit(s) "Q[0..6]" have no fanouts ;
; Q        ; Output ; Info     ; Connected to dangling logic. Logic that only feeds a dangling port will be removed.                                  ;
+----------+--------+----------+----------------------------------------------------------------------------------------------------------------------+


+-------------------------------------------------------------------------------------------------------------------------------------------------+
; Port Connectivity Checks: "dec3to8:decX"                                                                                                        ;
+------+--------+----------+----------------------------------------------------------------------------------------------------------------------+
; Port ; Type   ; Severity ; Details                                                                                                              ;
+------+--------+----------+----------------------------------------------------------------------------------------------------------------------+
; In   ; Input  ; Info     ; Stuck at GND                                                                                                         ;
; Q    ; Output ; Warning  ; Output or bidir port (8 bits) is wider than the port expression (1 bits) it drives; bit(s) "Q[0..6]" have no fanouts ;
+------+--------+----------+----------------------------------------------------------------------------------------------------------------------+


+-----------------------------------------------------+
; Post-Synthesis Netlist Statistics for Top Partition ;
+-----------------------+-----------------------------+
; Type                  ; Count                       ;
+-----------------------+-----------------------------+
; arriav_ff             ; 3                           ;
;     CLR               ; 3                           ;
; arriav_lcell_comb     ; 4                           ;
;     normal            ; 4                           ;
;         0 data inputs ; 1                           ;
;         1 data inputs ; 1                           ;
;         2 data inputs ; 1                           ;
;         3 data inputs ; 1                           ;
; boundary_port         ; 22                          ;
;                       ;                             ;
; Max LUT depth         ; 1.00                        ;
; Average LUT depth     ; 0.70                        ;
+-----------------------+-----------------------------+


+-------------------------------+
; Elapsed Time Per Partition    ;
+----------------+--------------+
; Partition Name ; Elapsed Time ;
+----------------+--------------+
; Top            ; 00:00:00     ;
+----------------+--------------+


+-------------------------------+
; Analysis & Synthesis Messages ;
+-------------------------------+
Info: *******************************************************************
Info: Running Quartus Prime Analysis & Synthesis
    Info: Version 17.1.0 Build 590 10/25/2017 SJ Lite Edition
    Info: Processing started: Thu Jul 19 19:08:56 2018
Info: Command: quartus_map --read_settings_files=on --write_settings_files=off Processador -c Processador
Warning (18236): Number of processors has not been specified which may cause overloading on shared machines.  Set the global assignment NUM_PARALLEL_PROCESSORS in your QSF to an appropriate value for best performance.
Info (20030): Parallel compilation is enabled and will use 2 of the 2 processors detected
Info (12021): Found 5 design units, including 5 entities, in source file proc.v
    Info (12023): Found entity 1: proc File: /home/alfredo/Desktop/PSD-Processador/proc.v Line: 1
    Info (12023): Found entity 2: dec3to8 File: /home/alfredo/Desktop/PSD-Processador/proc.v Line: 268
    Info (12023): Found entity 3: regn File: /home/alfredo/Desktop/PSD-Processador/proc.v Line: 299
    Info (12023): Found entity 4: ula File: /home/alfredo/Desktop/PSD-Processador/proc.v Line: 316
    Info (12023): Found entity 5: multiplexador File: /home/alfredo/Desktop/PSD-Processador/proc.v Line: 337
Warning (10236): Verilog HDL Implicit Net warning at proc.v(72): created implicit net for "Xreg" File: /home/alfredo/Desktop/PSD-Processador/proc.v Line: 72
Warning (10236): Verilog HDL Implicit Net warning at proc.v(73): created implicit net for "Yreg" File: /home/alfredo/Desktop/PSD-Processador/proc.v Line: 73
Warning (10236): Verilog HDL Implicit Net warning at proc.v(76): created implicit net for "R0" File: /home/alfredo/Desktop/PSD-Processador/proc.v Line: 76
Warning (10236): Verilog HDL Implicit Net warning at proc.v(77): created implicit net for "R1" File: /home/alfredo/Desktop/PSD-Processador/proc.v Line: 77
Warning (10236): Verilog HDL Implicit Net warning at proc.v(78): created implicit net for "R2" File: /home/alfredo/Desktop/PSD-Processador/proc.v Line: 78
Warning (10236): Verilog HDL Implicit Net warning at proc.v(79): created implicit net for "R3" File: /home/alfredo/Desktop/PSD-Processador/proc.v Line: 79
Warning (10236): Verilog HDL Implicit Net warning at proc.v(80): created implicit net for "R4" File: /home/alfredo/Desktop/PSD-Processador/proc.v Line: 80
Warning (10236): Verilog HDL Implicit Net warning at proc.v(81): created implicit net for "R5" File: /home/alfredo/Desktop/PSD-Processador/proc.v Line: 81
Warning (10236): Verilog HDL Implicit Net warning at proc.v(82): created implicit net for "R6" File: /home/alfredo/Desktop/PSD-Processador/proc.v Line: 82
Warning (10236): Verilog HDL Implicit Net warning at proc.v(83): created implicit net for "R7" File: /home/alfredo/Desktop/PSD-Processador/proc.v Line: 83
Warning (10236): Verilog HDL Implicit Net warning at proc.v(86): created implicit net for "Aout" File: /home/alfredo/Desktop/PSD-Processador/proc.v Line: 86
Warning (10236): Verilog HDL Implicit Net warning at proc.v(87): created implicit net for "Gout" File: /home/alfredo/Desktop/PSD-Processador/proc.v Line: 87
Warning (10236): Verilog HDL Implicit Net warning at proc.v(90): created implicit net for "IRout" File: /home/alfredo/Desktop/PSD-Processador/proc.v Line: 90
Warning (10236): Verilog HDL Implicit Net warning at proc.v(93): created implicit net for "Uout" File: /home/alfredo/Desktop/PSD-Processador/proc.v Line: 93
Info (12127): Elaborating entity "proc" for the top level hierarchy
Warning (10036): Verilog HDL or VHDL warning at proc.v(31): object "BusUout" assigned a value but never read File: /home/alfredo/Desktop/PSD-Processador/proc.v Line: 31
Warning (10036): Verilog HDL or VHDL warning at proc.v(34): object "WXR" assigned a value but never read File: /home/alfredo/Desktop/PSD-Processador/proc.v Line: 34
Warning (10036): Verilog HDL or VHDL warning at proc.v(34): object "WYR" assigned a value but never read File: /home/alfredo/Desktop/PSD-Processador/proc.v Line: 34
Info (12128): Elaborating entity "dec3to8" for hierarchy "dec3to8:decX" File: /home/alfredo/Desktop/PSD-Processador/proc.v Line: 72
Info (12128): Elaborating entity "regn" for hierarchy "regn:reg_0" File: /home/alfredo/Desktop/PSD-Processador/proc.v Line: 76
Info (12128): Elaborating entity "ula" for hierarchy "ula:addSub" File: /home/alfredo/Desktop/PSD-Processador/proc.v Line: 93
Info (12128): Elaborating entity "multiplexador" for hierarchy "multiplexador:multiplex" File: /home/alfredo/Desktop/PSD-Processador/proc.v Line: 97
Warning (12241): 14 hierarchies have connectivity warnings - see the Connectivity Checks report folder
Warning (13024): Output pins are stuck at VCC or GND
    Warning (13410): Pin "BusWires[0]" is stuck at GND File: /home/alfredo/Desktop/PSD-Processador/proc.v Line: 8
    Warning (13410): Pin "BusWires[1]" is stuck at GND File: /home/alfredo/Desktop/PSD-Processador/proc.v Line: 8
    Warning (13410): Pin "BusWires[2]" is stuck at GND File: /home/alfredo/Desktop/PSD-Processador/proc.v Line: 8
    Warning (13410): Pin "BusWires[3]" is stuck at GND File: /home/alfredo/Desktop/PSD-Processador/proc.v Line: 8
    Warning (13410): Pin "BusWires[4]" is stuck at GND File: /home/alfredo/Desktop/PSD-Processador/proc.v Line: 8
    Warning (13410): Pin "BusWires[5]" is stuck at GND File: /home/alfredo/Desktop/PSD-Processador/proc.v Line: 8
    Warning (13410): Pin "BusWires[6]" is stuck at GND File: /home/alfredo/Desktop/PSD-Processador/proc.v Line: 8
    Warning (13410): Pin "BusWires[7]" is stuck at GND File: /home/alfredo/Desktop/PSD-Processador/proc.v Line: 8
    Warning (13410): Pin "BusWires[8]" is stuck at GND File: /home/alfredo/Desktop/PSD-Processador/proc.v Line: 8
Info (286030): Timing-Driven Synthesis is running
Info (17049): 9 registers lost all their fanouts during netlist optimizations.
Info (16010): Generating hard_block partition "hard_block:auto_generated_inst"
    Info (16011): Adding 0 node(s), including 0 DDIO, 0 PLL, 0 transceiver and 0 LCELL
Warning (21074): Design contains 9 input pin(s) that do not drive logic
    Warning (15610): No output dependent on input pin "DIN[0]" File: /home/alfredo/Desktop/PSD-Processador/proc.v Line: 5
    Warning (15610): No output dependent on input pin "DIN[1]" File: /home/alfredo/Desktop/PSD-Processador/proc.v Line: 5
    Warning (15610): No output dependent on input pin "DIN[2]" File: /home/alfredo/Desktop/PSD-Processador/proc.v Line: 5
    Warning (15610): No output dependent on input pin "DIN[3]" File: /home/alfredo/Desktop/PSD-Processador/proc.v Line: 5
    Warning (15610): No output dependent on input pin "DIN[4]" File: /home/alfredo/Desktop/PSD-Processador/proc.v Line: 5
    Warning (15610): No output dependent on input pin "DIN[5]" File: /home/alfredo/Desktop/PSD-Processador/proc.v Line: 5
    Warning (15610): No output dependent on input pin "DIN[6]" File: /home/alfredo/Desktop/PSD-Processador/proc.v Line: 5
    Warning (15610): No output dependent on input pin "DIN[7]" File: /home/alfredo/Desktop/PSD-Processador/proc.v Line: 5
    Warning (15610): No output dependent on input pin "DIN[8]" File: /home/alfredo/Desktop/PSD-Processador/proc.v Line: 5
Info (21057): Implemented 26 device resources after synthesis - the final resource count might be different
    Info (21058): Implemented 12 input pins
    Info (21059): Implemented 10 output pins
    Info (21061): Implemented 4 logic cells
Info: Quartus Prime Analysis & Synthesis was successful. 0 errors, 39 warnings
    Info: Peak virtual memory: 1012 megabytes
    Info: Processing ended: Thu Jul 19 19:09:17 2018
    Info: Elapsed time: 00:00:21
    Info: Total CPU time (on all processors): 00:00:48


